<?xml version="1.0" encoding="UTF-8"?>
<testsuites>
  <testsuite id="0" name="/Users/andrearinaldi/projects/chatbot/responsa-plugin-amga-reclami/app/test/application/app.test.js" errors="0" package="/Users/andrearinaldi/projects/chatbot/responsa-plugin-amga-reclami/app/test/application/app.test.js" hostname="localhost" tests="1" failures="0" time="1.871" timestamp="2021-04-08T08:21:59">
    <properties>
    </properties>
    <testcase classname="App" name="Status API answers properly" time="0">
    </testcase>
    <system-out/>
    <system-err/>
  </testsuite>
  <testsuite id="1" name="/Users/andrearinaldi/projects/chatbot/responsa-plugin-amga-reclami/app/test/routes/actions/example/exampleRoute.test.js" errors="0" package="/Users/andrearinaldi/projects/chatbot/responsa-plugin-amga-reclami/app/test/routes/actions/example/exampleRoute.test.js" hostname="localhost" tests="3" failures="0" time="1.977" timestamp="2021-04-08T08:21:59">
    <properties>
    </properties>
    <testcase classname="Example - Swagger OpenApi tests" name="Example - loads correctly" time="0">
    </testcase>
    <testcase classname="Example - Querystring validation" name="Example - answers 200 with correct qs" time="0">
    </testcase>
    <testcase classname="Example - Querystring validation" name="Example - answers 400 with invalid querystring" time="0">
    </testcase>
    <system-out/>
    <system-err/>
  </testsuite>
</testsuites>